8: Pulling from library/mysql
Digest: sha256:d50098d7fcb25b1fcb24e2d3247cae3fc55815d64fec640dc395840f8fa80969
Status: Downloaded newer image for mysql:8
Attaching to todos-user-service_mysql_db_1, todos-user-service_todos_user_service_1
[36mmysql_db_1            |[0m 2021-06-08 16:31:09+00:00 [Note] [Entrypoint]: Entrypoint script for MySQL Server 8.0.25-1debian10 started.
[36mmysql_db_1            |[0m 2021-06-08 16:31:09+00:00 [Note] [Entrypoint]: Switching to dedicated user 'mysql'
[36mmysql_db_1            |[0m 2021-06-08 16:31:09+00:00 [Note] [Entrypoint]: Entrypoint script for MySQL Server 8.0.25-1debian10 started.
[36mmysql_db_1            |[0m 2021-06-08 16:31:10+00:00 [ERROR] [Entrypoint]: MYSQL_USER="root", MYSQL_USER and MYSQL_PASSWORD are for configuring a regular user and cannot be used for the root user
[36mmysql_db_1            |[0m     Remove MYSQL_USER="root" and use one of the following to control the root user password:
[36mmysql_db_1            |[0m     - MYSQL_ROOT_PASSWORD
[36mmysql_db_1            |[0m     - MYSQL_ALLOW_EMPTY_PASSWORD
[36mmysql_db_1            |[0m     - MYSQL_RANDOM_ROOT_PASSWORD
[36mtodos-user-service_mysql_db_1 exited with code 1
[0m[32mmysql_db_1            |[0m 2021-06-08 16:31:12+00:00 [Note] [Entrypoint]: Entrypoint script for MySQL Server 8.0.25-1debian10 started.
[32mmysql_db_1            |[0m 2021-06-08 16:31:12+00:00 [Note] [Entrypoint]: Switching to dedicated user 'mysql'
[32mmysql_db_1            |[0m 2021-06-08 16:31:12+00:00 [Note] [Entrypoint]: Entrypoint script for MySQL Server 8.0.25-1debian10 started.
[32mmysql_db_1            |[0m 2021-06-08 16:31:13+00:00 [ERROR] [Entrypoint]: MYSQL_USER="root", MYSQL_USER and MYSQL_PASSWORD are for configuring a regular user and cannot be used for the root user
[32mmysql_db_1            |[0m     Remove MYSQL_USER="root" and use one of the following to control the root user password:
[32mmysql_db_1            |[0m     - MYSQL_ROOT_PASSWORD
[32mmysql_db_1            |[0m     - MYSQL_ALLOW_EMPTY_PASSWORD
[32mmysql_db_1            |[0m     - MYSQL_RANDOM_ROOT_PASSWORD
[35mmysql_db_1            |[0m 2021-06-08 16:31:14+00:00 [Note] [Entrypoint]: Entrypoint script for MySQL Server 8.0.25-1debian10 started.
[35mmysql_db_1            |[0m 2021-06-08 16:31:14+00:00 [Note] [Entrypoint]: Switching to dedicated user 'mysql'
[35mmysql_db_1            |[0m 2021-06-08 16:31:14+00:00 [Note] [Entrypoint]: Entrypoint script for MySQL Server 8.0.25-1debian10 started.
[35mmysql_db_1            |[0m 2021-06-08 16:31:15+00:00 [ERROR] [Entrypoint]: MYSQL_USER="root", MYSQL_USER and MYSQL_PASSWORD are for configuring a regular user and cannot be used for the root user
[35mmysql_db_1            |[0m     Remove MYSQL_USER="root" and use one of the following to control the root user password:
[35mmysql_db_1            |[0m     - MYSQL_ROOT_PASSWORD
[35mmysql_db_1            |[0m     - MYSQL_ALLOW_EMPTY_PASSWORD
[35mmysql_db_1            |[0m     - MYSQL_RANDOM_ROOT_PASSWORD
[32mtodos-user-service_mysql_db_1 exited with code 1
[0m[33mtodos_user_service_1  |[0m 
[33mtodos_user_service_1  |[0m   .   ____          _            __ _ _
[33mtodos_user_service_1  |[0m  /\\ / ___'_ __ _ _(_)_ __  __ _ \ \ \ \
[33mtodos_user_service_1  |[0m ( ( )\___ | '_ | '_| | '_ \/ _` | \ \ \ \
[33mtodos_user_service_1  |[0m  \\/  ___)| |_)| | | | | || (_| |  ) ) ) )
[33mtodos_user_service_1  |[0m   '  |____| .__|_| |_|_| |_\__, | / / / /
[33mtodos_user_service_1  |[0m  =========|_|==============|___/=/_/_/_/
[33mtodos_user_service_1  |[0m  :: Spring Boot ::                (v2.5.0)
[33mtodos_user_service_1  |[0m 
[34mmysql_db_1            |[0m 2021-06-08 16:31:16+00:00 [Note] [Entrypoint]: Entrypoint script for MySQL Server 8.0.25-1debian10 started.
[34mmysql_db_1            |[0m 2021-06-08 16:31:17+00:00 [Note] [Entrypoint]: Switching to dedicated user 'mysql'
[34mmysql_db_1            |[0m 2021-06-08 16:31:17+00:00 [Note] [Entrypoint]: Entrypoint script for MySQL Server 8.0.25-1debian10 started.
[33mtodos_user_service_1  |[0m 2021-06-08 16:31:17.244  INFO 1 --- [           main] com.todos.TodosUserServiceApplication    : Starting TodosUserServiceApplication v0.0.1-SNAPSHOT using Java 1.8.0_292 on 92de48961033 with PID 1 (/todos-user-service.jar started by root in /)
[33mtodos_user_service_1  |[0m 2021-06-08 16:31:17.287  INFO 1 --- [           main] com.todos.TodosUserServiceApplication    : No active profile set, falling back to default profiles: default
[34mmysql_db_1            |[0m 2021-06-08 16:31:17+00:00 [ERROR] [Entrypoint]: MYSQL_USER="root", MYSQL_USER and MYSQL_PASSWORD are for configuring a regular user and cannot be used for the root user
[34mmysql_db_1            |[0m     Remove MYSQL_USER="root" and use one of the following to control the root user password:
[34mmysql_db_1            |[0m     - MYSQL_ROOT_PASSWORD
[34mmysql_db_1            |[0m     - MYSQL_ALLOW_EMPTY_PASSWORD
[34mmysql_db_1            |[0m     - MYSQL_RANDOM_ROOT_PASSWORD
[35mtodos-user-service_mysql_db_1 exited with code 1
[0m[36;1mmysql_db_1            |[0m 2021-06-08 16:31:20+00:00 [Note] [Entrypoint]: Entrypoint script for MySQL Server 8.0.25-1debian10 started.
[36;1mmysql_db_1            |[0m 2021-06-08 16:31:20+00:00 [Note] [Entrypoint]: Switching to dedicated user 'mysql'
[36;1mmysql_db_1            |[0m 2021-06-08 16:31:20+00:00 [Note] [Entrypoint]: Entrypoint script for MySQL Server 8.0.25-1debian10 started.
[36;1mmysql_db_1            |[0m 2021-06-08 16:31:20+00:00 [ERROR] [Entrypoint]: MYSQL_USER="root", MYSQL_USER and MYSQL_PASSWORD are for configuring a regular user and cannot be used for the root user
[36;1mmysql_db_1            |[0m     Remove MYSQL_USER="root" and use one of the following to control the root user password:
[36;1mmysql_db_1            |[0m     - MYSQL_ROOT_PASSWORD
[36;1mmysql_db_1            |[0m     - MYSQL_ALLOW_EMPTY_PASSWORD
[36;1mmysql_db_1            |[0m     - MYSQL_RANDOM_ROOT_PASSWORD
[34mtodos-user-service_mysql_db_1 exited with code 1
[0m[33mtodos_user_service_1  |[0m 2021-06-08 16:31:21.508  INFO 1 --- [           main] .s.d.r.c.RepositoryConfigurationDelegate : Bootstrapping Spring Data JPA repositories in DEFAULT mode.
[33mtodos_user_service_1  |[0m 2021-06-08 16:31:21.678  INFO 1 --- [           main] .s.d.r.c.RepositoryConfigurationDelegate : Finished Spring Data repository scanning in 141 ms. Found 1 JPA repository interfaces.
[33mtodos_user_service_1  |[0m 2021-06-08 16:31:24.861  INFO 1 --- [           main] o.s.b.w.embedded.tomcat.TomcatWebServer  : Tomcat initialized with port(s): 8090 (http)
[33;1mmysql_db_1            |[0m 2021-06-08 16:31:24+00:00 [Note] [Entrypoint]: Entrypoint script for MySQL Server 8.0.25-1debian10 started.
[33mtodos_user_service_1  |[0m 2021-06-08 16:31:24.982  INFO 1 --- [           main] o.apache.catalina.core.StandardService   : Starting service [Tomcat]
[33mtodos_user_service_1  |[0m 2021-06-08 16:31:24.990  INFO 1 --- [           main] org.apache.catalina.core.StandardEngine  : Starting Servlet engine: [Apache Tomcat/9.0.46]
[33;1mmysql_db_1            |[0m 2021-06-08 16:31:25+00:00 [Note] [Entrypoint]: Switching to dedicated user 'mysql'
[33;1mmysql_db_1            |[0m 2021-06-08 16:31:25+00:00 [Note] [Entrypoint]: Entrypoint script for MySQL Server 8.0.25-1debian10 started.
[33mtodos_user_service_1  |[0m 2021-06-08 16:31:25.383  INFO 1 --- [           main] o.a.c.c.C.[Tomcat].[localhost].[/]       : Initializing Spring embedded WebApplicationContext
[33mtodos_user_service_1  |[0m 2021-06-08 16:31:25.386  INFO 1 --- [           main] w.s.c.ServletWebServerApplicationContext : Root WebApplicationContext: initialization completed in 7506 ms
[33;1mmysql_db_1            |[0m 2021-06-08 16:31:25+00:00 [ERROR] [Entrypoint]: MYSQL_USER="root", MYSQL_USER and MYSQL_PASSWORD are for configuring a regular user and cannot be used for the root user
[33;1mmysql_db_1            |[0m     Remove MYSQL_USER="root" and use one of the following to control the root user password:
[33;1mmysql_db_1            |[0m     - MYSQL_ROOT_PASSWORD
[33;1mmysql_db_1            |[0m     - MYSQL_ALLOW_EMPTY_PASSWORD
[33;1mmysql_db_1            |[0m     - MYSQL_RANDOM_ROOT_PASSWORD
[36;1mtodos-user-service_mysql_db_1 exited with code 1
[0m[33mtodos_user_service_1  |[0m 2021-06-08 16:31:26.234  INFO 1 --- [           main] o.hibernate.jpa.internal.util.LogHelper  : HHH000204: Processing PersistenceUnitInfo [name: default]
[33mtodos_user_service_1  |[0m 2021-06-08 16:31:26.359  INFO 1 --- [           main] org.hibernate.Version                    : HHH000412: Hibernate ORM core version 5.4.31.Final
[33mtodos_user_service_1  |[0m 2021-06-08 16:31:26.957  INFO 1 --- [           main] o.hibernate.annotations.common.Version   : HCANN000001: Hibernate Commons Annotations {5.1.2.Final}
[33mtodos_user_service_1  |[0m 2021-06-08 16:31:27.271  INFO 1 --- [           main] com.zaxxer.hikari.HikariDataSource       : HikariPool-1 - Starting...
[33mtodos_user_service_1  |[0m 2021-06-08 16:31:28.708 ERROR 1 --- [           main] com.zaxxer.hikari.pool.HikariPool        : HikariPool-1 - Exception during pool initialization.
[33mtodos_user_service_1  |[0m 
[33mtodos_user_service_1  |[0m com.mysql.cj.jdbc.exceptions.CommunicationsException: Communications link failure
[33mtodos_user_service_1  |[0m 
[33mtodos_user_service_1  |[0m The last packet sent successfully to the server was 0 milliseconds ago. The driver has not received any packets from the server.
[33mtodos_user_service_1  |[0m 	at com.mysql.cj.jdbc.exceptions.SQLError.createCommunicationsException(SQLError.java:174) ~[mysql-connector-java-8.0.25.jar!/:8.0.25]
[33mtodos_user_service_1  |[0m 	at com.mysql.cj.jdbc.exceptions.SQLExceptionsMapping.translateException(SQLExceptionsMapping.java:64) ~[mysql-connector-java-8.0.25.jar!/:8.0.25]
[33mtodos_user_service_1  |[0m 	at com.mysql.cj.jdbc.ConnectionImpl.createNewIO(ConnectionImpl.java:833) ~[mysql-connector-java-8.0.25.jar!/:8.0.25]
[33mtodos_user_service_1  |[0m 	at com.mysql.cj.jdbc.ConnectionImpl.<init>(ConnectionImpl.java:453) ~[mysql-connector-java-8.0.25.jar!/:8.0.25]
[33mtodos_user_service_1  |[0m 	at com.mysql.cj.jdbc.ConnectionImpl.getInstance(ConnectionImpl.java:246) ~[mysql-connector-java-8.0.25.jar!/:8.0.25]
[33mtodos_user_service_1  |[0m 	at com.mysql.cj.jdbc.NonRegisteringDriver.connect(NonRegisteringDriver.java:198) ~[mysql-connector-java-8.0.25.jar!/:8.0.25]
[33mtodos_user_service_1  |[0m 	at com.zaxxer.hikari.util.DriverDataSource.getConnection(DriverDataSource.java:138) ~[HikariCP-4.0.3.jar!/:na]
[33mtodos_user_service_1  |[0m 	at com.zaxxer.hikari.pool.PoolBase.newConnection(PoolBase.java:364) ~[HikariCP-4.0.3.jar!/:na]
[33mtodos_user_service_1  |[0m 	at com.zaxxer.hikari.pool.PoolBase.newPoolEntry(PoolBase.java:206) ~[HikariCP-4.0.3.jar!/:na]
[33mtodos_user_service_1  |[0m 	at com.zaxxer.hikari.pool.HikariPool.createPoolEntry(HikariPool.java:476) [HikariCP-4.0.3.jar!/:na]
[33mtodos_user_service_1  |[0m 	at com.zaxxer.hikari.pool.HikariPool.checkFailFast(HikariPool.java:561) [HikariCP-4.0.3.jar!/:na]
[33mtodos_user_service_1  |[0m 	at com.zaxxer.hikari.pool.HikariPool.<init>(HikariPool.java:115) [HikariCP-4.0.3.jar!/:na]
[33mtodos_user_service_1  |[0m 	at com.zaxxer.hikari.HikariDataSource.getConnection(HikariDataSource.java:112) [HikariCP-4.0.3.jar!/:na]
[33mtodos_user_service_1  |[0m 	at org.hibernate.engine.jdbc.connections.internal.DatasourceConnectionProviderImpl.getConnection(DatasourceConnectionProviderImpl.java:122) [hibernate-core-5.4.31.Final.jar!/:5.4.31.Final]
[33mtodos_user_service_1  |[0m 	at org.hibernate.engine.jdbc.env.internal.JdbcEnvironmentInitiator$ConnectionProviderJdbcConnectionAccess.obtainConnection(JdbcEnvironmentInitiator.java:180) [hibernate-core-5.4.31.Final.jar!/:5.4.31.Final]
[33mtodos_user_service_1  |[0m 	at org.hibernate.engine.jdbc.env.internal.JdbcEnvironmentInitiator.initiateService(JdbcEnvironmentInitiator.java:68) [hibernate-core-5.4.31.Final.jar!/:5.4.31.Final]
[33mtodos_user_service_1  |[0m 	at org.hibernate.engine.jdbc.env.internal.JdbcEnvironmentInitiator.initiateService(JdbcEnvironmentInitiator.java:35) [hibernate-core-5.4.31.Final.jar!/:5.4.31.Final]
[33mtodos_user_service_1  |[0m 	at org.hibernate.boot.registry.internal.StandardServiceRegistryImpl.initiateService(StandardServiceRegistryImpl.java:101) [hibernate-core-5.4.31.Final.jar!/:5.4.31.Final]
[33mtodos_user_service_1  |[0m 	at org.hibernate.service.internal.AbstractServiceRegistryImpl.createService(AbstractServiceRegistryImpl.java:263) [hibernate-core-5.4.31.Final.jar!/:5.4.31.Final]
[33mtodos_user_service_1  |[0m 	at org.hibernate.service.internal.AbstractServiceRegistryImpl.initializeService(AbstractServiceRegistryImpl.java:237) [hibernate-core-5.4.31.Final.jar!/:5.4.31.Final]
[33mtodos_user_service_1  |[0m 	at org.hibernate.service.internal.AbstractServiceRegistryImpl.getService(AbstractServiceRegistryImpl.java:214) [hibernate-core-5.4.31.Final.jar!/:5.4.31.Final]
[33mtodos_user_service_1  |[0m 	at org.hibernate.id.factory.internal.DefaultIdentifierGeneratorFactory.injectServices(DefaultIdentifierGeneratorFactory.java:152) [hibernate-core-5.4.31.Final.jar!/:5.4.31.Final]
[33mtodos_user_service_1  |[0m 	at org.hibernate.service.internal.AbstractServiceRegistryImpl.injectDependencies(AbstractServiceRegistryImpl.java:286) [hibernate-core-5.4.31.Final.jar!/:5.4.31.Final]
[33mtodos_user_service_1  |[0m 	at org.hibernate.service.internal.AbstractServiceRegistryImpl.initializeService(AbstractServiceRegistryImpl.java:243) [hibernate-core-5.4.31.Final.jar!/:5.4.31.Final]
[33mtodos_user_service_1  |[0m 	at org.hibernate.service.internal.AbstractServiceRegistryImpl.getService(AbstractServiceRegistryImpl.java:214) [hibernate-core-5.4.31.Final.jar!/:5.4.31.Final]
[33mtodos_user_service_1  |[0m 	at org.hibernate.boot.internal.InFlightMetadataCollectorImpl.<init>(InFlightMetadataCollectorImpl.java:176) [hibernate-core-5.4.31.Final.jar!/:5.4.31.Final]
[33mtodos_user_service_1  |[0m 	at org.hibernate.boot.model.process.spi.MetadataBuildingProcess.complete(MetadataBuildingProcess.java:127) [hibernate-core-5.4.31.Final.jar!/:5.4.31.Final]
[33mtodos_user_service_1  |[0m 	at org.hibernate.jpa.boot.internal.EntityManagerFactoryBuilderImpl.metadata(EntityManagerFactoryBuilderImpl.java:1224) [hibernate-core-5.4.31.Final.jar!/:5.4.31.Final]
[33mtodos_user_service_1  |[0m 	at org.hibernate.jpa.boot.internal.EntityManagerFactoryBuilderImpl.build(EntityManagerFactoryBuilderImpl.java:1255) [hibernate-core-5.4.31.Final.jar!/:5.4.31.Final]
[33mtodos_user_service_1  |[0m 	at org.springframework.orm.jpa.vendor.SpringHibernateJpaPersistenceProvider.createContainerEntityManagerFactory(SpringHibernateJpaPersistenceProvider.java:58) [spring-orm-5.3.7.jar!/:5.3.7]
[33mtodos_user_service_1  |[0m 	at org.springframework.orm.jpa.LocalContainerEntityManagerFactoryBean.createNativeEntityManagerFactory(LocalContainerEntityManagerFactoryBean.java:365) [spring-orm-5.3.7.jar!/:5.3.7]
[33mtodos_user_service_1  |[0m 	at org.springframework.orm.jpa.AbstractEntityManagerFactoryBean.buildNativeEntityManagerFactory(AbstractEntityManagerFactoryBean.java:409) [spring-orm-5.3.7.jar!/:5.3.7]
[33mtodos_user_service_1  |[0m 	at org.springframework.orm.jpa.AbstractEntityManagerFactoryBean.afterPropertiesSet(AbstractEntityManagerFactoryBean.java:396) [spring-orm-5.3.7.jar!/:5.3.7]
[33mtodos_user_service_1  |[0m 	at org.springframework.orm.jpa.LocalContainerEntityManagerFactoryBean.afterPropertiesSet(LocalContainerEntityManagerFactoryBean.java:341) [spring-orm-5.3.7.jar!/:5.3.7]
[33mtodos_user_service_1  |[0m 	at org.springframework.beans.factory.support.AbstractAutowireCapableBeanFactory.invokeInitMethods(AbstractAutowireCapableBeanFactory.java:1845) [spring-beans-5.3.7.jar!/:5.3.7]
[33mtodos_user_service_1  |[0m 	at org.springframework.beans.factory.support.AbstractAutowireCapableBeanFactory.initializeBean(AbstractAutowireCapableBeanFactory.java:1782) [spring-beans-5.3.7.jar!/:5.3.7]
[33mtodos_user_service_1  |[0m 	at org.springframework.beans.factory.support.AbstractAutowireCapableBeanFactory.doCreateBean(AbstractAutowireCapableBeanFactory.java:602) [spring-beans-5.3.7.jar!/:5.3.7]
[33mtodos_user_service_1  |[0m 	at org.springframework.beans.factory.support.AbstractAutowireCapableBeanFactory.createBean(AbstractAutowireCapableBeanFactory.java:524) [spring-beans-5.3.7.jar!/:5.3.7]
[33mtodos_user_service_1  |[0m 	at org.springframework.beans.factory.support.AbstractBeanFactory.lambda$doGetBean$0(AbstractBeanFactory.java:335) [spring-beans-5.3.7.jar!/:5.3.7]
[33mtodos_user_service_1  |[0m 	at org.springframework.beans.factory.support.DefaultSingletonBeanRegistry.getSingleton(DefaultSingletonBeanRegistry.java:234) ~[spring-beans-5.3.7.jar!/:5.3.7]
[33mtodos_user_service_1  |[0m 	at org.springframework.beans.factory.support.AbstractBeanFactory.doGetBean(AbstractBeanFactory.java:333) [spring-beans-5.3.7.jar!/:5.3.7]
[33mtodos_user_service_1  |[0m 	at org.springframework.beans.factory.support.AbstractBeanFactory.getBean(AbstractBeanFactory.java:208) [spring-beans-5.3.7.jar!/:5.3.7]
[33mtodos_user_service_1  |[0m 	at org.springframework.context.support.AbstractApplicationContext.getBean(AbstractApplicationContext.java:1154) ~[spring-context-5.3.7.jar!/:5.3.7]
[33mtodos_user_service_1  |[0m 	at org.springframework.context.support.AbstractApplicationContext.finishBeanFactoryInitialization(AbstractApplicationContext.java:908) ~[spring-context-5.3.7.jar!/:5.3.7]
[33mtodos_user_service_1  |[0m 	at org.springframework.context.support.AbstractApplicationContext.refresh(AbstractApplicationContext.java:583) ~[spring-context-5.3.7.jar!/:5.3.7]
[33mtodos_user_service_1  |[0m 	at org.springframework.boot.web.servlet.context.ServletWebServerApplicationContext.refresh(ServletWebServerApplicationContext.java:145) ~[spring-boot-2.5.0.jar!/:2.5.0]
[33mtodos_user_service_1  |[0m 	at org.springframework.boot.SpringApplication.refresh(SpringApplication.java:758) ~[spring-boot-2.5.0.jar!/:2.5.0]
[33mtodos_user_service_1  |[0m 	at org.springframework.boot.SpringApplication.refreshContext(SpringApplication.java:438) ~[spring-boot-2.5.0.jar!/:2.5.0]
[33mtodos_user_service_1  |[0m 	at org.springframework.boot.SpringApplication.run(SpringApplication.java:337) ~[spring-boot-2.5.0.jar!/:2.5.0]
[33mtodos_user_service_1  |[0m 	at org.springframework.boot.SpringApplication.run(SpringApplication.java:1336) ~[spring-boot-2.5.0.jar!/:2.5.0]
[33mtodos_user_service_1  |[0m 	at org.springframework.boot.SpringApplication.run(SpringApplication.java:1325) ~[spring-boot-2.5.0.jar!/:2.5.0]
[33mtodos_user_service_1  |[0m 	at com.todos.TodosUserServiceApplication.main(TodosUserServiceApplication.java:10) ~[classes!/:0.0.1-SNAPSHOT]
[33mtodos_user_service_1  |[0m 	at sun.reflect.NativeMethodAccessorImpl.invoke0(Native Method) ~[na:1.8.0_292]
[33mtodos_user_service_1  |[0m 	at sun.reflect.NativeMethodAccessorImpl.invoke(NativeMethodAccessorImpl.java:62) ~[na:1.8.0_292]
[33mtodos_user_service_1  |[0m 	at sun.reflect.DelegatingMethodAccessorImpl.invoke(DelegatingMethodAccessorImpl.java:43) ~[na:1.8.0_292]
[33mtodos_user_service_1  |[0m 	at java.lang.reflect.Method.invoke(Method.java:498) ~[na:1.8.0_292]
[33mtodos_user_service_1  |[0m 	at org.springframework.boot.loader.MainMethodRunner.run(MainMethodRunner.java:49) ~[todos-user-service.jar:0.0.1-SNAPSHOT]
[33mtodos_user_service_1  |[0m 	at org.springframework.boot.loader.Launcher.launch(Launcher.java:108) ~[todos-user-service.jar:0.0.1-SNAPSHOT]
[33mtodos_user_service_1  |[0m 	at org.springframework.boot.loader.Launcher.launch(Launcher.java:58) ~[todos-user-service.jar:0.0.1-SNAPSHOT]
[33mtodos_user_service_1  |[0m 	at org.springframework.boot.loader.JarLauncher.main(JarLauncher.java:88) ~[todos-user-service.jar:0.0.1-SNAPSHOT]
[33mtodos_user_service_1  |[0m Caused by: com.mysql.cj.exceptions.CJCommunicationsException: Communications link failure
[33mtodos_user_service_1  |[0m 
[33mtodos_user_service_1  |[0m The last packet sent successfully to the server was 0 milliseconds ago. The driver has not received any packets from the server.
[33mtodos_user_service_1  |[0m 	at sun.reflect.NativeConstructorAccessorImpl.newInstance0(Native Method) ~[na:1.8.0_292]
[33mtodos_user_service_1  |[0m 	at sun.reflect.NativeConstructorAccessorImpl.newInstance(NativeConstructorAccessorImpl.java:62) ~[na:1.8.0_292]
[33mtodos_user_service_1  |[0m 	at sun.reflect.DelegatingConstructorAccessorImpl.newInstance(DelegatingConstructorAccessorImpl.java:45) ~[na:1.8.0_292]
[33mtodos_user_service_1  |[0m 	at java.lang.reflect.Constructor.newInstance(Constructor.java:423) ~[na:1.8.0_292]
[33mtodos_user_service_1  |[0m 	at com.mysql.cj.exceptions.ExceptionFactory.createException(ExceptionFactory.java:61) ~[mysql-connector-java-8.0.25.jar!/:8.0.25]
[33mtodos_user_service_1  |[0m 	at com.mysql.cj.exceptions.ExceptionFactory.createException(ExceptionFactory.java:105) ~[mysql-connector-java-8.0.25.jar!/:8.0.25]
[33mtodos_user_service_1  |[0m 	at com.mysql.cj.exceptions.ExceptionFactory.createException(ExceptionFactory.java:151) ~[mysql-connector-java-8.0.25.jar!/:8.0.25]
[33mtodos_user_service_1  |[0m 	at com.mysql.cj.exceptions.ExceptionFactory.createCommunicationsException(ExceptionFactory.java:167) ~[mysql-connector-java-8.0.25.jar!/:8.0.25]
[33mtodos_user_service_1  |[0m 	at com.mysql.cj.protocol.a.NativeSocketConnection.connect(NativeSocketConnection.java:89) ~[mysql-connector-java-8.0.25.jar!/:8.0.25]
[33mtodos_user_service_1  |[0m 	at com.mysql.cj.NativeSession.connect(NativeSession.java:144) ~[mysql-connector-java-8.0.25.jar!/:8.0.25]
[33mtodos_user_service_1  |[0m 	at com.mysql.cj.jdbc.ConnectionImpl.connectOneTryOnly(ConnectionImpl.java:953) ~[mysql-connector-java-8.0.25.jar!/:8.0.25]
[33mtodos_user_service_1  |[0m 	at com.mysql.cj.jdbc.ConnectionImpl.createNewIO(ConnectionImpl.java:823) ~[mysql-connector-java-8.0.25.jar!/:8.0.25]
[33mtodos_user_service_1  |[0m 	... 57 common frames omitted
[33mtodos_user_service_1  |[0m Caused by: java.net.UnknownHostException: mysql_db: Name or service not known
[33mtodos_user_service_1  |[0m 	at java.net.Inet4AddressImpl.lookupAllHostAddr(Native Method) ~[na:1.8.0_292]
[33mtodos_user_service_1  |[0m 	at java.net.InetAddress$2.lookupAllHostAddr(InetAddress.java:929) ~[na:1.8.0_292]
[33mtodos_user_service_1  |[0m 	at java.net.InetAddress.getAddressesFromNameService(InetAddress.java:1324) ~[na:1.8.0_292]
[33mtodos_user_service_1  |[0m 	at java.net.InetAddress.getAllByName0(InetAddress.java:1277) ~[na:1.8.0_292]
[33mtodos_user_service_1  |[0m 	at java.net.InetAddress.getAllByName(InetAddress.java:1193) ~[na:1.8.0_292]
[33mtodos_user_service_1  |[0m 	at java.net.InetAddress.getAllByName(InetAddress.java:1127) ~[na:1.8.0_292]
[33mtodos_user_service_1  |[0m 	at com.mysql.cj.protocol.StandardSocketFactory.connect(StandardSocketFactory.java:132) ~[mysql-connector-java-8.0.25.jar!/:8.0.25]
[33mtodos_user_service_1  |[0m 	at com.mysql.cj.protocol.a.NativeSocketConnection.connect(NativeSocketConnection.java:63) ~[mysql-connector-java-8.0.25.jar!/:8.0.25]
[33mtodos_user_service_1  |[0m 	... 60 common frames omitted
[33mtodos_user_service_1  |[0m 
[33mtodos_user_service_1  |[0m 2021-06-08 16:31:28.719  WARN 1 --- [           main] o.h.e.j.e.i.JdbcEnvironmentInitiator     : HHH000342: Could not obtain connection to query metadata
[33mtodos_user_service_1  |[0m 
[33mtodos_user_service_1  |[0m com.mysql.cj.jdbc.exceptions.CommunicationsException: Communications link failure
[33mtodos_user_service_1  |[0m 
[33mtodos_user_service_1  |[0m The last packet sent successfully to the server was 0 milliseconds ago. The driver has not received any packets from the server.
[33mtodos_user_service_1  |[0m 	at com.mysql.cj.jdbc.exceptions.SQLError.createCommunicationsException(SQLError.java:174) ~[mysql-connector-java-8.0.25.jar!/:8.0.25]
[33mtodos_user_service_1  |[0m 	at com.mysql.cj.jdbc.exceptions.SQLExceptionsMapping.translateException(SQLExceptionsMapping.java:64) ~[mysql-connector-java-8.0.25.jar!/:8.0.25]
[33mtodos_user_service_1  |[0m 	at com.mysql.cj.jdbc.ConnectionImpl.createNewIO(ConnectionImpl.java:833) ~[mysql-connector-java-8.0.25.jar!/:8.0.25]
[33mtodos_user_service_1  |[0m 	at com.mysql.cj.jdbc.ConnectionImpl.<init>(ConnectionImpl.java:453) ~[mysql-connector-java-8.0.25.jar!/:8.0.25]
[33mtodos_user_service_1  |[0m 	at com.mysql.cj.jdbc.ConnectionImpl.getInstance(ConnectionImpl.java:246) ~[mysql-connector-java-8.0.25.jar!/:8.0.25]
[33mtodos_user_service_1  |[0m 	at com.mysql.cj.jdbc.NonRegisteringDriver.connect(NonRegisteringDriver.java:198) ~[mysql-connector-java-8.0.25.jar!/:8.0.25]
[33mtodos_user_service_1  |[0m 	at com.zaxxer.hikari.util.DriverDataSource.getConnection(DriverDataSource.java:138) ~[HikariCP-4.0.3.jar!/:na]
[33mtodos_user_service_1  |[0m 	at com.zaxxer.hikari.pool.PoolBase.newConnection(PoolBase.java:364) ~[HikariCP-4.0.3.jar!/:na]
[33mtodos_user_service_1  |[0m 	at com.zaxxer.hikari.pool.PoolBase.newPoolEntry(PoolBase.java:206) ~[HikariCP-4.0.3.jar!/:na]
[33mtodos_user_service_1  |[0m 	at com.zaxxer.hikari.pool.HikariPool.createPoolEntry(HikariPool.java:476) ~[HikariCP-4.0.3.jar!/:na]
[33mtodos_user_service_1  |[0m 	at com.zaxxer.hikari.pool.HikariPool.checkFailFast(HikariPool.java:561) ~[HikariCP-4.0.3.jar!/:na]
[33mtodos_user_service_1  |[0m 	at com.zaxxer.hikari.pool.HikariPool.<init>(HikariPool.java:115) ~[HikariCP-4.0.3.jar!/:na]
[33mtodos_user_service_1  |[0m 	at com.zaxxer.hikari.HikariDataSource.getConnection(HikariDataSource.java:112) ~[HikariCP-4.0.3.jar!/:na]
[33mtodos_user_service_1  |[0m 	at org.hibernate.engine.jdbc.connections.internal.DatasourceConnectionProviderImpl.getConnection(DatasourceConnectionProviderImpl.java:122) ~[hibernate-core-5.4.31.Final.jar!/:5.4.31.Final]
[33mtodos_user_service_1  |[0m 	at org.hibernate.engine.jdbc.env.internal.JdbcEnvironmentInitiator$ConnectionProviderJdbcConnectionAccess.obtainConnection(JdbcEnvironmentInitiator.java:180) ~[hibernate-core-5.4.31.Final.jar!/:5.4.31.Final]
[33mtodos_user_service_1  |[0m 	at org.hibernate.engine.jdbc.env.internal.JdbcEnvironmentInitiator.initiateService(JdbcEnvironmentInitiator.java:68) [hibernate-core-5.4.31.Final.jar!/:5.4.31.Final]
[33mtodos_user_service_1  |[0m 	at org.hibernate.engine.jdbc.env.internal.JdbcEnvironmentInitiator.initiateService(JdbcEnvironmentInitiator.java:35) [hibernate-core-5.4.31.Final.jar!/:5.4.31.Final]
[33mtodos_user_service_1  |[0m 	at org.hibernate.boot.registry.internal.StandardServiceRegistryImpl.initiateService(StandardServiceRegistryImpl.java:101) [hibernate-core-5.4.31.Final.jar!/:5.4.31.Final]
[33mtodos_user_service_1  |[0m 	at org.hibernate.service.internal.AbstractServiceRegistryImpl.createService(AbstractServiceRegistryImpl.java:263) [hibernate-core-5.4.31.Final.jar!/:5.4.31.Final]
[33mtodos_user_service_1  |[0m 	at org.hibernate.service.internal.AbstractServiceRegistryImpl.initializeService(AbstractServiceRegistryImpl.java:237) [hibernate-core-5.4.31.Final.jar!/:5.4.31.Final]
[33mtodos_user_service_1  |[0m 	at org.hibernate.service.internal.AbstractServiceRegistryImpl.getService(AbstractServiceRegistryImpl.java:214) [hibernate-core-5.4.31.Final.jar!/:5.4.31.Final]
[33mtodos_user_service_1  |[0m 	at org.hibernate.id.factory.internal.DefaultIdentifierGeneratorFactory.injectServices(DefaultIdentifierGeneratorFactory.java:152) [hibernate-core-5.4.31.Final.jar!/:5.4.31.Final]
[33mtodos_user_service_1  |[0m 	at org.hibernate.service.internal.AbstractServiceRegistryImpl.injectDependencies(AbstractServiceRegistryImpl.java:286) [hibernate-core-5.4.31.Final.jar!/:5.4.31.Final]
[33mtodos_user_service_1  |[0m 	at org.hibernate.service.internal.AbstractServiceRegistryImpl.initializeService(AbstractServiceRegistryImpl.java:243) [hibernate-core-5.4.31.Final.jar!/:5.4.31.Final]
[33mtodos_user_service_1  |[0m 	at org.hibernate.service.internal.AbstractServiceRegistryImpl.getService(AbstractServiceRegistryImpl.java:214) [hibernate-core-5.4.31.Final.jar!/:5.4.31.Final]
[33mtodos_user_service_1  |[0m 	at org.hibernate.boot.internal.InFlightMetadataCollectorImpl.<init>(InFlightMetadataCollectorImpl.java:176) [hibernate-core-5.4.31.Final.jar!/:5.4.31.Final]
[33mtodos_user_service_1  |[0m 	at org.hibernate.boot.model.process.spi.MetadataBuildingProcess.complete(MetadataBuildingProcess.java:127) [hibernate-core-5.4.31.Final.jar!/:5.4.31.Final]
[33mtodos_user_service_1  |[0m 	at org.hibernate.jpa.boot.internal.EntityManagerFactoryBuilderImpl.metadata(EntityManagerFactoryBuilderImpl.java:1224) [hibernate-core-5.4.31.Final.jar!/:5.4.31.Final]
[33mtodos_user_service_1  |[0m 	at org.hibernate.jpa.boot.internal.EntityManagerFactoryBuilderImpl.build(EntityManagerFactoryBuilderImpl.java:1255) [hibernate-core-5.4.31.Final.jar!/:5.4.31.Final]
[33mtodos_user_service_1  |[0m 	at org.springframework.orm.jpa.vendor.SpringHibernateJpaPersistenceProvider.createContainerEntityManagerFactory(SpringHibernateJpaPersistenceProvider.java:58) [spring-orm-5.3.7.jar!/:5.3.7]
[33mtodos_user_service_1  |[0m 	at org.springframework.orm.jpa.LocalContainerEntityManagerFactoryBean.createNativeEntityManagerFactory(LocalContainerEntityManagerFactoryBean.java:365) [spring-orm-5.3.7.jar!/:5.3.7]
[33mtodos_user_service_1  |[0m 	at org.springframework.orm.jpa.AbstractEntityManagerFactoryBean.buildNativeEntityManagerFactory(AbstractEntityManagerFactoryBean.java:409) [spring-orm-5.3.7.jar!/:5.3.7]
[33mtodos_user_service_1  |[0m 	at org.springframework.orm.jpa.AbstractEntityManagerFactoryBean.afterPropertiesSet(AbstractEntityManagerFactoryBean.java:396) [spring-orm-5.3.7.jar!/:5.3.7]
[33mtodos_user_service_1  |[0m 	at org.springframework.orm.jpa.LocalContainerEntityManagerFactoryBean.afterPropertiesSet(LocalContainerEntityManagerFactoryBean.java:341) [spring-orm-5.3.7.jar!/:5.3.7]
[33mtodos_user_service_1  |[0m 	at org.springframework.beans.factory.support.AbstractAutowireCapableBeanFactory.invokeInitMethods(AbstractAutowireCapableBeanFactory.java:1845) [spring-beans-5.3.7.jar!/:5.3.7]
[33mtodos_user_service_1  |[0m 	at org.springframework.beans.factory.support.AbstractAutowireCapableBeanFactory.initializeBean(AbstractAutowireCapableBeanFactory.java:1782) [spring-beans-5.3.7.jar!/:5.3.7]
[33mtodos_user_service_1  |[0m 	at org.springframework.beans.factory.support.AbstractAutowireCapableBeanFactory.doCreateBean(AbstractAutowireCapableBeanFactory.java:602) [spring-beans-5.3.7.jar!/:5.3.7]
[33mtodos_user_service_1  |[0m 	at org.springframework.beans.factory.support.AbstractAutowireCapableBeanFactory.createBean(AbstractAutowireCapableBeanFactory.java:524) [spring-beans-5.3.7.jar!/:5.3.7]
[33mtodos_user_service_1  |[0m 	at org.springframework.beans.factory.support.AbstractBeanFactory.lambda$doGetBean$0(AbstractBeanFactory.java:335) [spring-beans-5.3.7.jar!/:5.3.7]
[33mtodos_user_service_1  |[0m 	at org.springframework.beans.factory.support.DefaultSingletonBeanRegistry.getSingleton(DefaultSingletonBeanRegistry.java:234) ~[spring-beans-5.3.7.jar!/:5.3.7]
[33mtodos_user_service_1  |[0m 	at org.springframework.beans.factory.support.AbstractBeanFactory.doGetBean(AbstractBeanFactory.java:333) [spring-beans-5.3.7.jar!/:5.3.7]
[33mtodos_user_service_1  |[0m 	at org.springframework.beans.factory.support.AbstractBeanFactory.getBean(AbstractBeanFactory.java:208) [spring-beans-5.3.7.jar!/:5.3.7]
[33mtodos_user_service_1  |[0m 	at org.springframework.context.support.AbstractApplicationContext.getBean(AbstractApplicationContext.java:1154) ~[spring-context-5.3.7.jar!/:5.3.7]
[33mtodos_user_service_1  |[0m 	at org.springframework.context.support.AbstractApplicationContext.finishBeanFactoryInitialization(AbstractApplicationContext.java:908) ~[spring-context-5.3.7.jar!/:5.3.7]
[33mtodos_user_service_1  |[0m 	at org.springframework.context.support.AbstractApplicationContext.refresh(AbstractApplicationContext.java:583) ~[spring-context-5.3.7.jar!/:5.3.7]
[33mtodos_user_service_1  |[0m 	at org.springframework.boot.web.servlet.context.ServletWebServerApplicationContext.refresh(ServletWebServerApplicationContext.java:145) ~[spring-boot-2.5.0.jar!/:2.5.0]
[33mtodos_user_service_1  |[0m 	at org.springframework.boot.SpringApplication.refresh(SpringApplication.java:758) ~[spring-boot-2.5.0.jar!/:2.5.0]
[33mtodos_user_service_1  |[0m 	at org.springframework.boot.SpringApplication.refreshContext(SpringApplication.java:438) ~[spring-boot-2.5.0.jar!/:2.5.0]
[33mtodos_user_service_1  |[0m 	at org.springframework.boot.SpringApplication.run(SpringApplication.java:337) ~[spring-boot-2.5.0.jar!/:2.5.0]
[33mtodos_user_service_1  |[0m 	at org.springframework.boot.SpringApplication.run(SpringApplication.java:1336) ~[spring-boot-2.5.0.jar!/:2.5.0]
[33mtodos_user_service_1  |[0m 	at org.springframework.boot.SpringApplication.run(SpringApplication.java:1325) ~[spring-boot-2.5.0.jar!/:2.5.0]
[33mtodos_user_service_1  |[0m 	at com.todos.TodosUserServiceApplication.main(TodosUserServiceApplication.java:10) ~[classes!/:0.0.1-SNAPSHOT]
[33mtodos_user_service_1  |[0m 	at sun.reflect.NativeMethodAccessorImpl.invoke0(Native Method) ~[na:1.8.0_292]
[33mtodos_user_service_1  |[0m 	at sun.reflect.NativeMethodAccessorImpl.invoke(NativeMethodAccessorImpl.java:62) ~[na:1.8.0_292]
[33mtodos_user_service_1  |[0m 	at sun.reflect.DelegatingMethodAccessorImpl.invoke(DelegatingMethodAccessorImpl.java:43) ~[na:1.8.0_292]
[33mtodos_user_service_1  |[0m 	at java.lang.reflect.Method.invoke(Method.java:498) ~[na:1.8.0_292]
[33mtodos_user_service_1  |[0m 	at org.springframework.boot.loader.MainMethodRunner.run(MainMethodRunner.java:49) ~[todos-user-service.jar:0.0.1-SNAPSHOT]
[33mtodos_user_service_1  |[0m 	at org.springframework.boot.loader.Launcher.launch(Launcher.java:108) ~[todos-user-service.jar:0.0.1-SNAPSHOT]
[33mtodos_user_service_1  |[0m 	at org.springframework.boot.loader.Launcher.launch(Launcher.java:58) ~[todos-user-service.jar:0.0.1-SNAPSHOT]
[33mtodos_user_service_1  |[0m 	at org.springframework.boot.loader.JarLauncher.main(JarLauncher.java:88) ~[todos-user-service.jar:0.0.1-SNAPSHOT]
[33mtodos_user_service_1  |[0m Caused by: com.mysql.cj.exceptions.CJCommunicationsException: Communications link failure
[33mtodos_user_service_1  |[0m 
[33mtodos_user_service_1  |[0m The last packet sent successfully to the server was 0 milliseconds ago. The driver has not received any packets from the server.
[33mtodos_user_service_1  |[0m 	at sun.reflect.NativeConstructorAccessorImpl.newInstance0(Native Method) ~[na:1.8.0_292]
[33mtodos_user_service_1  |[0m 	at sun.reflect.NativeConstructorAccessorImpl.newInstance(NativeConstructorAccessorImpl.java:62) ~[na:1.8.0_292]
[33mtodos_user_service_1  |[0m 	at sun.reflect.DelegatingConstructorAccessorImpl.newInstance(DelegatingConstructorAccessorImpl.java:45) ~[na:1.8.0_292]
[33mtodos_user_service_1  |[0m 	at java.lang.reflect.Constructor.newInstance(Constructor.java:423) ~[na:1.8.0_292]
[33mtodos_user_service_1  |[0m 	at com.mysql.cj.exceptions.ExceptionFactory.createException(ExceptionFactory.java:61) ~[mysql-connector-java-8.0.25.jar!/:8.0.25]
[33mtodos_user_service_1  |[0m 	at com.mysql.cj.exceptions.ExceptionFactory.createException(ExceptionFactory.java:105) ~[mysql-connector-java-8.0.25.jar!/:8.0.25]
[33mtodos_user_service_1  |[0m 	at com.mysql.cj.exceptions.ExceptionFactory.createException(ExceptionFactory.java:151) ~[mysql-connector-java-8.0.25.jar!/:8.0.25]
[33mtodos_user_service_1  |[0m 	at com.mysql.cj.exceptions.ExceptionFactory.createCommunicationsException(ExceptionFactory.java:167) ~[mysql-connector-java-8.0.25.jar!/:8.0.25]
[33mtodos_user_service_1  |[0m 	at com.mysql.cj.protocol.a.NativeSocketConnection.connect(NativeSocketConnection.java:89) ~[mysql-connector-java-8.0.25.jar!/:8.0.25]
[33mtodos_user_service_1  |[0m 	at com.mysql.cj.NativeSession.connect(NativeSession.java:144) ~[mysql-connector-java-8.0.25.jar!/:8.0.25]
[33mtodos_user_service_1  |[0m 	at com.mysql.cj.jdbc.ConnectionImpl.connectOneTryOnly(ConnectionImpl.java:953) ~[mysql-connector-java-8.0.25.jar!/:8.0.25]
[33mtodos_user_service_1  |[0m 	at com.mysql.cj.jdbc.ConnectionImpl.createNewIO(ConnectionImpl.java:823) ~[mysql-connector-java-8.0.25.jar!/:8.0.25]
[33mtodos_user_service_1  |[0m 	... 57 common frames omitted
[33mtodos_user_service_1  |[0m Caused by: java.net.UnknownHostException: mysql_db: Name or service not known
[33mtodos_user_service_1  |[0m 	at java.net.Inet4AddressImpl.lookupAllHostAddr(Native Method) ~[na:1.8.0_292]
[33mtodos_user_service_1  |[0m 	at java.net.InetAddress$2.lookupAllHostAddr(InetAddress.java:929) ~[na:1.8.0_292]
[33mtodos_user_service_1  |[0m 	at java.net.InetAddress.getAddressesFromNameService(InetAddress.java:1324) ~[na:1.8.0_292]
[33mtodos_user_service_1  |[0m 	at java.net.InetAddress.getAllByName0(InetAddress.java:1277) ~[na:1.8.0_292]
[33mtodos_user_service_1  |[0m 	at java.net.InetAddress.getAllByName(InetAddress.java:1193) ~[na:1.8.0_292]
[33mtodos_user_service_1  |[0m 	at java.net.InetAddress.getAllByName(InetAddress.java:1127) ~[na:1.8.0_292]
[33mtodos_user_service_1  |[0m 	at com.mysql.cj.protocol.StandardSocketFactory.connect(StandardSocketFactory.java:132) ~[mysql-connector-java-8.0.25.jar!/:8.0.25]
[33mtodos_user_service_1  |[0m 	at com.mysql.cj.protocol.a.NativeSocketConnection.connect(NativeSocketConnection.java:63) ~[mysql-connector-java-8.0.25.jar!/:8.0.25]
[33mtodos_user_service_1  |[0m 	... 60 common frames omitted
[33mtodos_user_service_1  |[0m 
[33mtodos_user_service_1  |[0m 2021-06-08 16:31:28.766  INFO 1 --- [           main] org.hibernate.dialect.Dialect            : HHH000400: Using dialect: org.hibernate.dialect.MySQL5Dialect
[33mtodos_user_service_1  |[0m 2021-06-08 16:31:30.263  INFO 1 --- [           main] com.zaxxer.hikari.HikariDataSource       : HikariPool-1 - Starting...
[33mtodos_user_service_1  |[0m 2021-06-08 16:31:31.275 ERROR 1 --- [           main] com.zaxxer.hikari.pool.HikariPool        : HikariPool-1 - Exception during pool initialization.
[33mtodos_user_service_1  |[0m 
[33mtodos_user_service_1  |[0m com.mysql.cj.jdbc.exceptions.CommunicationsException: Communications link failure
[33mtodos_user_service_1  |[0m 
[33mtodos_user_service_1  |[0m The last packet sent successfully to the server was 0 milliseconds ago. The driver has not received any packets from the server.
[33mtodos_user_service_1  |[0m 	at com.mysql.cj.jdbc.exceptions.SQLError.createCommunicationsException(SQLError.java:174) ~[mysql-connector-java-8.0.25.jar!/:8.0.25]
[33mtodos_user_service_1  |[0m 	at com.mysql.cj.jdbc.exceptions.SQLExceptionsMapping.translateException(SQLExceptionsMapping.java:64) ~[mysql-connector-java-8.0.25.jar!/:8.0.25]
[33mtodos_user_service_1  |[0m 	at com.mysql.cj.jdbc.ConnectionImpl.createNewIO(ConnectionImpl.java:833) ~[mysql-connector-java-8.0.25.jar!/:8.0.25]
[33mtodos_user_service_1  |[0m 	at com.mysql.cj.jdbc.ConnectionImpl.<init>(ConnectionImpl.java:453) ~[mysql-connector-java-8.0.25.jar!/:8.0.25]
[33mtodos_user_service_1  |[0m 	at com.mysql.cj.jdbc.ConnectionImpl.getInstance(ConnectionImpl.java:246) ~[mysql-connector-java-8.0.25.jar!/:8.0.25]
[33mtodos_user_service_1  |[0m 	at com.mysql.cj.jdbc.NonRegisteringDriver.connect(NonRegisteringDriver.java:198) ~[mysql-connector-java-8.0.25.jar!/:8.0.25]
[33mtodos_user_service_1  |[0m 	at com.zaxxer.hikari.util.DriverDataSource.getConnection(DriverDataSource.java:138) ~[HikariCP-4.0.3.jar!/:na]
[33mtodos_user_service_1  |[0m 	at com.zaxxer.hikari.pool.PoolBase.newConnection(PoolBase.java:364) ~[HikariCP-4.0.3.jar!/:na]
[33mtodos_user_service_1  |[0m 	at com.zaxxer.hikari.pool.PoolBase.newPoolEntry(PoolBase.java:206) ~[HikariCP-4.0.3.jar!/:na]
[33mtodos_user_service_1  |[0m 	at com.zaxxer.hikari.pool.HikariPool.createPoolEntry(HikariPool.java:476) [HikariCP-4.0.3.jar!/:na]
[33mtodos_user_service_1  |[0m 	at com.zaxxer.hikari.pool.HikariPool.checkFailFast(HikariPool.java:561) [HikariCP-4.0.3.jar!/:na]
[33mtodos_user_service_1  |[0m 	at com.zaxxer.hikari.pool.HikariPool.<init>(HikariPool.java:115) [HikariCP-4.0.3.jar!/:na]
[33mtodos_user_service_1  |[0m 	at com.zaxxer.hikari.HikariDataSource.getConnection(HikariDataSource.java:112) [HikariCP-4.0.3.jar!/:na]
[33mtodos_user_service_1  |[0m 	at org.hibernate.engine.jdbc.connections.internal.DatasourceConnectionProviderImpl.getConnection(DatasourceConnectionProviderImpl.java:122) [hibernate-core-5.4.31.Final.jar!/:5.4.31.Final]
[33mtodos_user_service_1  |[0m 	at org.hibernate.engine.jdbc.env.internal.JdbcEnvironmentInitiator$ConnectionProviderJdbcConnectionAccess.obtainConnection(JdbcEnvironmentInitiator.java:180) [hibernate-core-5.4.31.Final.jar!/:5.4.31.Final]
[33mtodos_user_service_1  |[0m 	at org.hibernate.resource.transaction.backend.jdbc.internal.DdlTransactionIsolatorNonJtaImpl.getIsolatedConnection(DdlTransactionIsolatorNonJtaImpl.java:43) [hibernate-core-5.4.31.Final.jar!/:5.4.31.Final]
[33mtodos_user_service_1  |[0m 	at org.hibernate.tool.schema.internal.exec.ImprovedExtractionContextImpl.getJdbcConnection(ImprovedExtractionContextImpl.java:60) [hibernate-core-5.4.31.Final.jar!/:5.4.31.Final]
[33mtodos_user_service_1  |[0m 	at org.hibernate.tool.schema.internal.exec.ImprovedExtractionContextImpl.getJdbcDatabaseMetaData(ImprovedExtractionContextImpl.java:67) [hibernate-core-5.4.31.Final.jar!/:5.4.31.Final]
[33mtodos_user_service_1  |[0m 	at org.hibernate.tool.schema.extract.internal.InformationExtractorJdbcDatabaseMetaDataImpl.getTables(InformationExtractorJdbcDatabaseMetaDataImpl.java:333) [hibernate-core-5.4.31.Final.jar!/:5.4.31.Final]
[33mtodos_user_service_1  |[0m 	at org.hibernate.tool.schema.extract.internal.DatabaseInformationImpl.getTablesInformation(DatabaseInformationImpl.java:120) [hibernate-core-5.4.31.Final.jar!/:5.4.31.Final]
[33mtodos_user_service_1  |[0m 	at org.hibernate.tool.schema.internal.GroupedSchemaMigratorImpl.performTablesMigration(GroupedSchemaMigratorImpl.java:65) [hibernate-core-5.4.31.Final.jar!/:5.4.31.Final]
[33mtodos_user_service_1  |[0m 	at org.hibernate.tool.schema.internal.AbstractSchemaMigrator.performMigration(AbstractSchemaMigrator.java:207) [hibernate-core-5.4.31.Final.jar!/:5.4.31.Final]
[33mtodos_user_service_1  |[0m 	at org.hibernate.tool.schema.internal.AbstractSchemaMigrator.doMigration(AbstractSchemaMigrator.java:114) [hibernate-core-5.4.31.Final.jar!/:5.4.31.Final]
[33mtodos_user_service_1  |[0m 	at org.hibernate.tool.schema.spi.SchemaManagementToolCoordinator.performDatabaseAction(SchemaManagementToolCoordinator.java:184) [hibernate-core-5.4.31.Final.jar!/:5.4.31.Final]
[33mtodos_user_service_1  |[0m 	at org.hibernate.tool.schema.spi.SchemaManagementToolCoordinator.process(SchemaManagementToolCoordinator.java:73) [hibernate-core-5.4.31.Final.jar!/:5.4.31.Final]
[33mtodos_user_service_1  |[0m 	at org.hibernate.internal.SessionFactoryImpl.<init>(SessionFactoryImpl.java:318) [hibernate-core-5.4.31.Final.jar!/:5.4.31.Final]
[33mtodos_user_service_1  |[0m 	at org.hibernate.boot.internal.SessionFactoryBuilderImpl.build(SessionFactoryBuilderImpl.java:468) [hibernate-core-5.4.31.Final.jar!/:5.4.31.Final]
[33mtodos_user_service_1  |[0m 	at org.hibernate.jpa.boot.internal.EntityManagerFactoryBuilderImpl.build(EntityManagerFactoryBuilderImpl.java:1259) [hibernate-core-5.4.31.Final.jar!/:5.4.31.Final]
[33mtodos_user_service_1  |[0m 	at org.springframework.orm.jpa.vendor.SpringHibernateJpaPersistenceProvider.createContainerEntityManagerFactory(SpringHibernateJpaPersistenceProvider.java:58) [spring-orm-5.3.7.jar!/:5.3.7]
[33mtodos_user_service_1  |[0m 	at org.springframework.orm.jpa.LocalContainerEntityManagerFactoryBean.createNativeEntityManagerFactory(LocalContainerEntityManagerFactoryBean.java:365) [spring-orm-5.3.7.jar!/:5.3.7]
[33mtodos_user_service_1  |[0m 	at org.springframework.orm.jpa.AbstractEntityManagerFactoryBean.buildNativeEntityManagerFactory(AbstractEntityManagerFactoryBean.java:409) [spring-orm-5.3.7.jar!/:5.3.7]
[33mtodos_user_service_1  |[0m 	at org.springframework.orm.jpa.AbstractEntityManagerFactoryBean.afterPropertiesSet(AbstractEntityManagerFactoryBean.java:396) [spring-orm-5.3.7.jar!/:5.3.7]
[33mtodos_user_service_1  |[0m 	at org.springframework.orm.jpa.LocalContainerEntityManagerFactoryBean.afterPropertiesSet(LocalContainerEntityManagerFactoryBean.java:341) [spring-orm-5.3.7.jar!/:5.3.7]
[33mtodos_user_service_1  |[0m 	at org.springframework.beans.factory.support.AbstractAutowireCapableBeanFactory.invokeInitMethods(AbstractAutowireCapableBeanFactory.java:1845) [spring-beans-5.3.7.jar!/:5.3.7]
[33mtodos_user_service_1  |[0m 	at org.springframework.beans.factory.support.AbstractAutowireCapableBeanFactory.initializeBean(AbstractAutowireCapableBeanFactory.java:1782) [spring-beans-5.3.7.jar!/:5.3.7]
[33mtodos_user_service_1  |[0m 	at org.springframework.beans.factory.support.AbstractAutowireCapableBeanFactory.doCreateBean(AbstractAutowireCapableBeanFactory.java:602) [spring-beans-5.3.7.jar!/:5.3.7]
[33mtodos_user_service_1  |[0m 	at org.springframework.beans.factory.support.AbstractAutowireCapableBeanFactory.createBean(AbstractAutowireCapableBeanFactory.java:524) [spring-beans-5.3.7.jar!/:5.3.7]
[33mtodos_user_service_1  |[0m 	at org.springframework.beans.factory.support.AbstractBeanFactory.lambda$doGetBean$0(AbstractBeanFactory.java:335) [spring-beans-5.3.7.jar!/:5.3.7]
[33mtodos_user_service_1  |[0m 	at org.springframework.beans.factory.support.DefaultSingletonBeanRegistry.getSingleton(DefaultSingletonBeanRegistry.java:234) ~[spring-beans-5.3.7.jar!/:5.3.7]
[33mtodos_user_service_1  |[0m 	at org.springframework.beans.factory.support.AbstractBeanFactory.doGetBean(AbstractBeanFactory.java:333) [spring-beans-5.3.7.jar!/:5.3.7]
[33mtodos_user_service_1  |[0m 	at org.springframework.beans.factory.support.AbstractBeanFactory.getBean(AbstractBeanFactory.java:208) [spring-beans-5.3.7.jar!/:5.3.7]
[33mtodos_user_service_1  |[0m 	at org.springframework.context.support.AbstractApplicationContext.getBean(AbstractApplicationContext.java:1154) ~[spring-context-5.3.7.jar!/:5.3.7]
[33mtodos_user_service_1  |[0m 	at org.springframework.context.support.AbstractApplicationContext.finishBeanFactoryInitialization(AbstractApplicationContext.java:908) ~[spring-context-5.3.7.jar!/:5.3.7]
[33mtodos_user_service_1  |[0m 	at org.springframework.context.support.AbstractApplicationContext.refresh(AbstractApplicationContext.java:583) ~[spring-context-5.3.7.jar!/:5.3.7]
[33mtodos_user_service_1  |[0m 	at org.springframework.boot.web.servlet.context.ServletWebServerApplicationContext.refresh(ServletWebServerApplicationContext.java:145) ~[spring-boot-2.5.0.jar!/:2.5.0]
[33mtodos_user_service_1  |[0m 	at org.springframework.boot.SpringApplication.refresh(SpringApplication.java:758) ~[spring-boot-2.5.0.jar!/:2.5.0]
[33mtodos_user_service_1  |[0m 	at org.springframework.boot.SpringApplication.refreshContext(SpringApplication.java:438) ~[spring-boot-2.5.0.jar!/:2.5.0]
[33mtodos_user_service_1  |[0m 	at org.springframework.boot.SpringApplication.run(SpringApplication.java:337) ~[spring-boot-2.5.0.jar!/:2.5.0]
[33mtodos_user_service_1  |[0m 	at org.springframework.boot.SpringApplication.run(SpringApplication.java:1336) ~[spring-boot-2.5.0.jar!/:2.5.0]
[33mtodos_user_service_1  |[0m 	at org.springframework.boot.SpringApplication.run(SpringApplication.java:1325) ~[spring-boot-2.5.0.jar!/:2.5.0]
[33mtodos_user_service_1  |[0m 	at com.todos.TodosUserServiceApplication.main(TodosUserServiceApplication.java:10) ~[classes!/:0.0.1-SNAPSHOT]
[33mtodos_user_service_1  |[0m 	at sun.reflect.NativeMethodAccessorImpl.invoke0(Native Method) ~[na:1.8.0_292]
[33mtodos_user_service_1  |[0m 	at sun.reflect.NativeMethodAccessorImpl.invoke(NativeMethodAccessorImpl.java:62) ~[na:1.8.0_292]
[33mtodos_user_service_1  |[0m 	at sun.reflect.DelegatingMethodAccessorImpl.invoke(DelegatingMethodAccessorImpl.java:43) ~[na:1.8.0_292]
[33mtodos_user_service_1  |[0m 	at java.lang.reflect.Method.invoke(Method.java:498) ~[na:1.8.0_292]
[33mtodos_user_service_1  |[0m 	at org.springframework.boot.loader.MainMethodRunner.run(MainMethodRunner.java:49) ~[todos-user-service.jar:0.0.1-SNAPSHOT]
[33mtodos_user_service_1  |[0m 	at org.springframework.boot.loader.Launcher.launch(Launcher.java:108) ~[todos-user-service.jar:0.0.1-SNAPSHOT]
[33mtodos_user_service_1  |[0m 	at org.springframework.boot.loader.Launcher.launch(Launcher.java:58) ~[todos-user-service.jar:0.0.1-SNAPSHOT]
[33mtodos_user_service_1  |[0m 	at org.springframework.boot.loader.JarLauncher.main(JarLauncher.java:88) ~[todos-user-service.jar:0.0.1-SNAPSHOT]
[33mtodos_user_service_1  |[0m Caused by: com.mysql.cj.exceptions.CJCommunicationsException: Communications link failure
[33mtodos_user_service_1  |[0m 
[33mtodos_user_service_1  |[0m The last packet sent successfully to the server was 0 milliseconds ago. The driver has not received any packets from the server.
[33mtodos_user_service_1  |[0m 	at sun.reflect.NativeConstructorAccessorImpl.newInstance0(Native Method) ~[na:1.8.0_292]
[33mtodos_user_service_1  |[0m 	at sun.reflect.NativeConstructorAccessorImpl.newInstance(NativeConstructorAccessorImpl.java:62) ~[na:1.8.0_292]
[33mtodos_user_service_1  |[0m 	at sun.reflect.DelegatingConstructorAccessorImpl.newInstance(DelegatingConstructorAccessorImpl.java:45) ~[na:1.8.0_292]
[33mtodos_user_service_1  |[0m 	at java.lang.reflect.Constructor.newInstance(Constructor.java:423) ~[na:1.8.0_292]
[33mtodos_user_service_1  |[0m 	at com.mysql.cj.exceptions.ExceptionFactory.createException(ExceptionFactory.java:61) ~[mysql-connector-java-8.0.25.jar!/:8.0.25]
[33mtodos_user_service_1  |[0m 	at com.mysql.cj.exceptions.ExceptionFactory.createException(ExceptionFactory.java:105) ~[mysql-connector-java-8.0.25.jar!/:8.0.25]
[33mtodos_user_service_1  |[0m 	at com.mysql.cj.exceptions.ExceptionFactory.createException(ExceptionFactory.java:151) ~[mysql-connector-java-8.0.25.jar!/:8.0.25]
[33mtodos_user_service_1  |[0m 	at com.mysql.cj.exceptions.ExceptionFactory.createCommunicationsException(ExceptionFactory.java:167) ~[mysql-connector-java-8.0.25.jar!/:8.0.25]
[33mtodos_user_service_1  |[0m 	at com.mysql.cj.protocol.a.NativeSocketConnection.connect(NativeSocketConnection.java:89) ~[mysql-connector-java-8.0.25.jar!/:8.0.25]
[33mtodos_user_service_1  |[0m 	at com.mysql.cj.NativeSession.connect(NativeSession.java:144) ~[mysql-connector-java-8.0.25.jar!/:8.0.25]
[33mtodos_user_service_1  |[0m 	at com.mysql.cj.jdbc.ConnectionImpl.connectOneTryOnly(ConnectionImpl.java:953) ~[mysql-connector-java-8.0.25.jar!/:8.0.25]
[33mtodos_user_service_1  |[0m 	at com.mysql.cj.jdbc.ConnectionImpl.createNewIO(ConnectionImpl.java:823) ~[mysql-connector-java-8.0.25.jar!/:8.0.25]
[33mtodos_user_service_1  |[0m 	... 56 common frames omitted
[33mtodos_user_service_1  |[0m Caused by: java.net.UnknownHostException: mysql_db
[33mtodos_user_service_1  |[0m 	at java.net.InetAddress.getAllByName0(InetAddress.java:1281) ~[na:1.8.0_292]
[33mtodos_user_service_1  |[0m 	at java.net.InetAddress.getAllByName(InetAddress.java:1193) ~[na:1.8.0_292]
[33mtodos_user_service_1  |[0m 	at java.net.InetAddress.getAllByName(InetAddress.java:1127) ~[na:1.8.0_292]
[33mtodos_user_service_1  |[0m 	at com.mysql.cj.protocol.StandardSocketFactory.connect(StandardSocketFactory.java:132) ~[mysql-connector-java-8.0.25.jar!/:8.0.25]
[33mtodos_user_service_1  |[0m 	at com.mysql.cj.protocol.a.NativeSocketConnection.connect(NativeSocketConnection.java:63) ~[mysql-connector-java-8.0.25.jar!/:8.0.25]
[33mtodos_user_service_1  |[0m 	... 59 common frames omitted
[33mtodos_user_service_1  |[0m 
[33mtodos_user_service_1  |[0m 2021-06-08 16:31:31.285  WARN 1 --- [           main] o.h.engine.jdbc.spi.SqlExceptionHelper   : SQL Error: 0, SQLState: 08S01
[33mtodos_user_service_1  |[0m 2021-06-08 16:31:31.288 ERROR 1 --- [           main] o.h.engine.jdbc.spi.SqlExceptionHelper   : Communications link failure
[33mtodos_user_service_1  |[0m 
[33mtodos_user_service_1  |[0m The last packet sent successfully to the server was 0 milliseconds ago. The driver has not received any packets from the server.
[33mtodos_user_service_1  |[0m 2021-06-08 16:31:31.310 ERROR 1 --- [           main] j.LocalContainerEntityManagerFactoryBean : Failed to initialize JPA EntityManagerFactory: [PersistenceUnit: default] Unable to build Hibernate SessionFactory; nested exception is org.hibernate.exception.JDBCConnectionException: Unable to open JDBC Connection for DDL execution
[33mtodos_user_service_1  |[0m 2021-06-08 16:31:31.314  WARN 1 --- [           main] ConfigServletWebServerApplicationContext : Exception encountered during context initialization - cancelling refresh attempt: org.springframework.beans.factory.BeanCreationException: Error creating bean with name 'entityManagerFactory' defined in class path resource [org/springframework/boot/autoconfigure/orm/jpa/HibernateJpaConfiguration.class]: Invocation of init method failed; nested exception is javax.persistence.PersistenceException: [PersistenceUnit: default] Unable to build Hibernate SessionFactory; nested exception is org.hibernate.exception.JDBCConnectionException: Unable to open JDBC Connection for DDL execution
[33mtodos_user_service_1  |[0m 2021-06-08 16:31:31.324  INFO 1 --- [           main] o.apache.catalina.core.StandardService   : Stopping service [Tomcat]
[33mtodos_user_service_1  |[0m 2021-06-08 16:31:31.364  INFO 1 --- [           main] ConditionEvaluationReportLoggingListener : 
[33mtodos_user_service_1  |[0m 
[33mtodos_user_service_1  |[0m Error starting ApplicationContext. To display the conditions report re-run your application with 'debug' enabled.
[33mtodos_user_service_1  |[0m 2021-06-08 16:31:31.510 ERROR 1 --- [           main] o.s.boot.SpringApplication               : Application run failed
[33mtodos_user_service_1  |[0m 
[33mtodos_user_service_1  |[0m org.springframework.beans.factory.BeanCreationException: Error creating bean with name 'entityManagerFactory' defined in class path resource [org/springframework/boot/autoconfigure/orm/jpa/HibernateJpaConfiguration.class]: Invocation of init method failed; nested exception is javax.persistence.PersistenceException: [PersistenceUnit: default] Unable to build Hibernate SessionFactory; nested exception is org.hibernate.exception.JDBCConnectionException: Unable to open JDBC Connection for DDL execution
[33mtodos_user_service_1  |[0m 	at org.springframework.beans.factory.support.AbstractAutowireCapableBeanFactory.initializeBean(AbstractAutowireCapableBeanFactory.java:1786) ~[spring-beans-5.3.7.jar!/:5.3.7]
[33mtodos_user_service_1  |[0m 	at org.springframework.beans.factory.support.AbstractAutowireCapableBeanFactory.doCreateBean(AbstractAutowireCapableBeanFactory.java:602) ~[spring-beans-5.3.7.jar!/:5.3.7]
[33mtodos_user_service_1  |[0m 	at org.springframework.beans.factory.support.AbstractAutowireCapableBeanFactory.createBean(AbstractAutowireCapableBeanFactory.java:524) ~[spring-beans-5.3.7.jar!/:5.3.7]
[33mtodos_user_service_1  |[0m 	at org.springframework.beans.factory.support.AbstractBeanFactory.lambda$doGetBean$0(AbstractBeanFactory.java:335) ~[spring-beans-5.3.7.jar!/:5.3.7]
[33mtodos_user_service_1  |[0m 	at org.springframework.beans.factory.support.DefaultSingletonBeanRegistry.getSingleton(DefaultSingletonBeanRegistry.java:234) ~[spring-beans-5.3.7.jar!/:5.3.7]
[33mtodos_user_service_1  |[0m 	at org.springframework.beans.factory.support.AbstractBeanFactory.doGetBean(AbstractBeanFactory.java:333) ~[spring-beans-5.3.7.jar!/:5.3.7]
[33mtodos_user_service_1  |[0m 	at org.springframework.beans.factory.support.AbstractBeanFactory.getBean(AbstractBeanFactory.java:208) ~[spring-beans-5.3.7.jar!/:5.3.7]
[33mtodos_user_service_1  |[0m 	at org.springframework.context.support.AbstractApplicationContext.getBean(AbstractApplicationContext.java:1154) ~[spring-context-5.3.7.jar!/:5.3.7]
[33mtodos_user_service_1  |[0m 	at org.springframework.context.support.AbstractApplicationContext.finishBeanFactoryInitialization(AbstractApplicationContext.java:908) ~[spring-context-5.3.7.jar!/:5.3.7]
[33mtodos_user_service_1  |[0m 	at org.springframework.context.support.AbstractApplicationContext.refresh(AbstractApplicationContext.java:583) ~[spring-context-5.3.7.jar!/:5.3.7]
[33mtodos_user_service_1  |[0m 	at org.springframework.boot.web.servlet.context.ServletWebServerApplicationContext.refresh(ServletWebServerApplicationContext.java:145) ~[spring-boot-2.5.0.jar!/:2.5.0]
[33mtodos_user_service_1  |[0m 	at org.springframework.boot.SpringApplication.refresh(SpringApplication.java:758) [spring-boot-2.5.0.jar!/:2.5.0]
[33mtodos_user_service_1  |[0m 	at org.springframework.boot.SpringApplication.refreshContext(SpringApplication.java:438) [spring-boot-2.5.0.jar!/:2.5.0]
[33mtodos_user_service_1  |[0m 	at org.springframework.boot.SpringApplication.run(SpringApplication.java:337) [spring-boot-2.5.0.jar!/:2.5.0]
[33mtodos_user_service_1  |[0m 	at org.springframework.boot.SpringApplication.run(SpringApplication.java:1336) [spring-boot-2.5.0.jar!/:2.5.0]
[33mtodos_user_service_1  |[0m 	at org.springframework.boot.SpringApplication.run(SpringApplication.java:1325) [spring-boot-2.5.0.jar!/:2.5.0]
[33mtodos_user_service_1  |[0m 	at com.todos.TodosUserServiceApplication.main(TodosUserServiceApplication.java:10) [classes!/:0.0.1-SNAPSHOT]
[33mtodos_user_service_1  |[0m 	at sun.reflect.NativeMethodAccessorImpl.invoke0(Native Method) ~[na:1.8.0_292]
[33mtodos_user_service_1  |[0m 	at sun.reflect.NativeMethodAccessorImpl.invoke(NativeMethodAccessorImpl.java:62) ~[na:1.8.0_292]
[33mtodos_user_service_1  |[0m 	at sun.reflect.DelegatingMethodAccessorImpl.invoke(DelegatingMethodAccessorImpl.java:43) ~[na:1.8.0_292]
[33mtodos_user_service_1  |[0m 	at java.lang.reflect.Method.invoke(Method.java:498) ~[na:1.8.0_292]
[33mtodos_user_service_1  |[0m 	at org.springframework.boot.loader.MainMethodRunner.run(MainMethodRunner.java:49) [todos-user-service.jar:0.0.1-SNAPSHOT]
[33mtodos_user_service_1  |[0m 	at org.springframework.boot.loader.Launcher.launch(Launcher.java:108) [todos-user-service.jar:0.0.1-SNAPSHOT]
[33mtodos_user_service_1  |[0m 	at org.springframework.boot.loader.Launcher.launch(Launcher.java:58) [todos-user-service.jar:0.0.1-SNAPSHOT]
[33mtodos_user_service_1  |[0m 	at org.springframework.boot.loader.JarLauncher.main(JarLauncher.java:88) [todos-user-service.jar:0.0.1-SNAPSHOT]
[33mtodos_user_service_1  |[0m Caused by: javax.persistence.PersistenceException: [PersistenceUnit: default] Unable to build Hibernate SessionFactory; nested exception is org.hibernate.exception.JDBCConnectionException: Unable to open JDBC Connection for DDL execution
[33mtodos_user_service_1  |[0m 	at org.springframework.orm.jpa.AbstractEntityManagerFactoryBean.buildNativeEntityManagerFactory(AbstractEntityManagerFactoryBean.java:421) ~[spring-orm-5.3.7.jar!/:5.3.7]
[33mtodos_user_service_1  |[0m 	at org.springframework.orm.jpa.AbstractEntityManagerFactoryBean.afterPropertiesSet(AbstractEntityManagerFactoryBean.java:396) ~[spring-orm-5.3.7.jar!/:5.3.7]
[33mtodos_user_service_1  |[0m 	at org.springframework.orm.jpa.LocalContainerEntityManagerFactoryBean.afterPropertiesSet(LocalContainerEntityManagerFactoryBean.java:341) ~[spring-orm-5.3.7.jar!/:5.3.7]
[33mtodos_user_service_1  |[0m 	at org.springframework.beans.factory.support.AbstractAutowireCapableBeanFactory.invokeInitMethods(AbstractAutowireCapableBeanFactory.java:1845) ~[spring-beans-5.3.7.jar!/:5.3.7]
[33mtodos_user_service_1  |[0m 	at org.springframework.beans.factory.support.AbstractAutowireCapableBeanFactory.initializeBean(AbstractAutowireCapableBeanFactory.java:1782) ~[spring-beans-5.3.7.jar!/:5.3.7]
[33mtodos_user_service_1  |[0m 	... 24 common frames omitted
[33mtodos_user_service_1  |[0m Caused by: org.hibernate.exception.JDBCConnectionException: Unable to open JDBC Connection for DDL execution
[33mtodos_user_service_1  |[0m 	at org.hibernate.exception.internal.SQLStateConversionDelegate.convert(SQLStateConversionDelegate.java:112) ~[hibernate-core-5.4.31.Final.jar!/:5.4.31.Final]
[33mtodos_user_service_1  |[0m 	at org.hibernate.exception.internal.StandardSQLExceptionConverter.convert(StandardSQLExceptionConverter.java:42) ~[hibernate-core-5.4.31.Final.jar!/:5.4.31.Final]
[33mtodos_user_service_1  |[0m 	at org.hibernate.engine.jdbc.spi.SqlExceptionHelper.convert(SqlExceptionHelper.java:113) ~[hibernate-core-5.4.31.Final.jar!/:5.4.31.Final]
[33mtodos_user_service_1  |[0m 	at org.hibernate.engine.jdbc.spi.SqlExceptionHelper.convert(SqlExceptionHelper.java:99) ~[hibernate-core-5.4.31.Final.jar!/:5.4.31.Final]
[33mtodos_user_service_1  |[0m 	at org.hibernate.resource.transaction.backend.jdbc.internal.DdlTransactionIsolatorNonJtaImpl.getIsolatedConnection(DdlTransactionIsolatorNonJtaImpl.java:69) ~[hibernate-core-5.4.31.Final.jar!/:5.4.31.Final]
[33mtodos_user_service_1  |[0m 	at org.hibernate.tool.schema.internal.exec.ImprovedExtractionContextImpl.getJdbcConnection(ImprovedExtractionContextImpl.java:60) ~[hibernate-core-5.4.31.Final.jar!/:5.4.31.Final]
[33mtodos_user_service_1  |[0m 	at org.hibernate.tool.schema.internal.exec.ImprovedExtractionContextImpl.getJdbcDatabaseMetaData(ImprovedExtractionContextImpl.java:67) ~[hibernate-core-5.4.31.Final.jar!/:5.4.31.Final]
[33mtodos_user_service_1  |[0m 	at org.hibernate.tool.schema.extract.internal.InformationExtractorJdbcDatabaseMetaDataImpl.getTables(InformationExtractorJdbcDatabaseMetaDataImpl.java:333) ~[hibernate-core-5.4.31.Final.jar!/:5.4.31.Final]
[33mtodos_user_service_1  |[0m 	at org.hibernate.tool.schema.extract.internal.DatabaseInformationImpl.getTablesInformation(DatabaseInformationImpl.java:120) ~[hibernate-core-5.4.31.Final.jar!/:5.4.31.Final]
[33mtodos_user_service_1  |[0m 	at org.hibernate.tool.schema.internal.GroupedSchemaMigratorImpl.performTablesMigration(GroupedSchemaMigratorImpl.java:65) ~[hibernate-core-5.4.31.Final.jar!/:5.4.31.Final]
[33mtodos_user_service_1  |[0m 	at org.hibernate.tool.schema.internal.AbstractSchemaMigrator.performMigration(AbstractSchemaMigrator.java:207) ~[hibernate-core-5.4.31.Final.jar!/:5.4.31.Final]
[33mtodos_user_service_1  |[0m 	at org.hibernate.tool.schema.internal.AbstractSchemaMigrator.doMigration(AbstractSchemaMigrator.java:114) ~[hibernate-core-5.4.31.Final.jar!/:5.4.31.Final]
[33mtodos_user_service_1  |[0m 	at org.hibernate.tool.schema.spi.SchemaManagementToolCoordinator.performDatabaseAction(SchemaManagementToolCoordinator.java:184) ~[hibernate-core-5.4.31.Final.jar!/:5.4.31.Final]
[33mtodos_user_service_1  |[0m 	at org.hibernate.tool.schema.spi.SchemaManagementToolCoordinator.process(SchemaManagementToolCoordinator.java:73) ~[hibernate-core-5.4.31.Final.jar!/:5.4.31.Final]
[33mtodos_user_service_1  |[0m 	at org.hibernate.internal.SessionFactoryImpl.<init>(SessionFactoryImpl.java:318) ~[hibernate-core-5.4.31.Final.jar!/:5.4.31.Final]
[33mtodos_user_service_1  |[0m 	at org.hibernate.boot.internal.SessionFactoryBuilderImpl.build(SessionFactoryBuilderImpl.java:468) ~[hibernate-core-5.4.31.Final.jar!/:5.4.31.Final]
[33mtodos_user_service_1  |[0m 	at org.hibernate.jpa.boot.internal.EntityManagerFactoryBuilderImpl.build(EntityManagerFactoryBuilderImpl.java:1259) ~[hibernate-core-5.4.31.Final.jar!/:5.4.31.Final]
[33mtodos_user_service_1  |[0m 	at org.springframework.orm.jpa.vendor.SpringHibernateJpaPersistenceProvider.createContainerEntityManagerFactory(SpringHibernateJpaPersistenceProvider.java:58) ~[spring-orm-5.3.7.jar!/:5.3.7]
[33mtodos_user_service_1  |[0m 	at org.springframework.orm.jpa.LocalContainerEntityManagerFactoryBean.createNativeEntityManagerFactory(LocalContainerEntityManagerFactoryBean.java:365) ~[spring-orm-5.3.7.jar!/:5.3.7]
[33mtodos_user_service_1  |[0m 	at org.springframework.orm.jpa.AbstractEntityManagerFactoryBean.buildNativeEntityManagerFactory(AbstractEntityManagerFactoryBean.java:409) ~[spring-orm-5.3.7.jar!/:5.3.7]
[33mtodos_user_service_1  |[0m 	... 28 common frames omitted
[33mtodos_user_service_1  |[0m Caused by: com.mysql.cj.jdbc.exceptions.CommunicationsException: Communications link failure
[33mtodos_user_service_1  |[0m 
[33mtodos_user_service_1  |[0m The last packet sent successfully to the server was 0 milliseconds ago. The driver has not received any packets from the server.
[33mtodos_user_service_1  |[0m 	at com.mysql.cj.jdbc.exceptions.SQLError.createCommunicationsException(SQLError.java:174) ~[mysql-connector-java-8.0.25.jar!/:8.0.25]
[33mtodos_user_service_1  |[0m 	at com.mysql.cj.jdbc.exceptions.SQLExceptionsMapping.translateException(SQLExceptionsMapping.java:64) ~[mysql-connector-java-8.0.25.jar!/:8.0.25]
[33mtodos_user_service_1  |[0m 	at com.mysql.cj.jdbc.ConnectionImpl.createNewIO(ConnectionImpl.java:833) ~[mysql-connector-java-8.0.25.jar!/:8.0.25]
[33mtodos_user_service_1  |[0m 	at com.mysql.cj.jdbc.ConnectionImpl.<init>(ConnectionImpl.java:453) ~[mysql-connector-java-8.0.25.jar!/:8.0.25]
[33mtodos_user_service_1  |[0m 	at com.mysql.cj.jdbc.ConnectionImpl.getInstance(ConnectionImpl.java:246) ~[mysql-connector-java-8.0.25.jar!/:8.0.25]
[33mtodos_user_service_1  |[0m 	at com.mysql.cj.jdbc.NonRegisteringDriver.connect(NonRegisteringDriver.java:198) ~[mysql-connector-java-8.0.25.jar!/:8.0.25]
[33mtodos_user_service_1  |[0m 	at com.zaxxer.hikari.util.DriverDataSource.getConnection(DriverDataSource.java:138) ~[HikariCP-4.0.3.jar!/:na]
[33mtodos_user_service_1  |[0m 	at com.zaxxer.hikari.pool.PoolBase.newConnection(PoolBase.java:364) ~[HikariCP-4.0.3.jar!/:na]
[33mtodos_user_service_1  |[0m 	at com.zaxxer.hikari.pool.PoolBase.newPoolEntry(PoolBase.java:206) ~[HikariCP-4.0.3.jar!/:na]
[33mtodos_user_service_1  |[0m 	at com.zaxxer.hikari.pool.HikariPool.createPoolEntry(HikariPool.java:476) ~[HikariCP-4.0.3.jar!/:na]
[33mtodos_user_service_1  |[0m 	at com.zaxxer.hikari.pool.HikariPool.checkFailFast(HikariPool.java:561) ~[HikariCP-4.0.3.jar!/:na]
[33mtodos_user_service_1  |[0m 	at com.zaxxer.hikari.pool.HikariPool.<init>(HikariPool.java:115) ~[HikariCP-4.0.3.jar!/:na]
[33mtodos_user_service_1  |[0m 	at com.zaxxer.hikari.HikariDataSource.getConnection(HikariDataSource.java:112) ~[HikariCP-4.0.3.jar!/:na]
[33mtodos_user_service_1  |[0m 	at org.hibernate.engine.jdbc.connections.internal.DatasourceConnectionProviderImpl.getConnection(DatasourceConnectionProviderImpl.java:122) ~[hibernate-core-5.4.31.Final.jar!/:5.4.31.Final]
[33mtodos_user_service_1  |[0m 	at org.hibernate.engine.jdbc.env.internal.JdbcEnvironmentInitiator$ConnectionProviderJdbcConnectionAccess.obtainConnection(JdbcEnvironmentInitiator.java:180) ~[hibernate-core-5.4.31.Final.jar!/:5.4.31.Final]
[33mtodos_user_service_1  |[0m 	at org.hibernate.resource.transaction.backend.jdbc.internal.DdlTransactionIsolatorNonJtaImpl.getIsolatedConnection(DdlTransactionIsolatorNonJtaImpl.java:43) ~[hibernate-core-5.4.31.Final.jar!/:5.4.31.Final]
[33mtodos_user_service_1  |[0m 	... 43 common frames omitted
[33mtodos_user_service_1  |[0m Caused by: com.mysql.cj.exceptions.CJCommunicationsException: Communications link failure
[33mtodos_user_service_1  |[0m 
[33mtodos_user_service_1  |[0m The last packet sent successfully to the server was 0 milliseconds ago. The driver has not received any packets from the server.
[33mtodos_user_service_1  |[0m 	at sun.reflect.NativeConstructorAccessorImpl.newInstance0(Native Method) ~[na:1.8.0_292]
[33mtodos_user_service_1  |[0m 	at sun.reflect.NativeConstructorAccessorImpl.newInstance(NativeConstructorAccessorImpl.java:62) ~[na:1.8.0_292]
[33mtodos_user_service_1  |[0m 	at sun.reflect.DelegatingConstructorAccessorImpl.newInstance(DelegatingConstructorAccessorImpl.java:45) ~[na:1.8.0_292]
[33mtodos_user_service_1  |[0m 	at java.lang.reflect.Constructor.newInstance(Constructor.java:423) ~[na:1.8.0_292]
[33mtodos_user_service_1  |[0m 	at com.mysql.cj.exceptions.ExceptionFactory.createException(ExceptionFactory.java:61) ~[mysql-connector-java-8.0.25.jar!/:8.0.25]
[33mtodos_user_service_1  |[0m 	at com.mysql.cj.exceptions.ExceptionFactory.createException(ExceptionFactory.java:105) ~[mysql-connector-java-8.0.25.jar!/:8.0.25]
[33mtodos_user_service_1  |[0m 	at com.mysql.cj.exceptions.ExceptionFactory.createException(ExceptionFactory.java:151) ~[mysql-connector-java-8.0.25.jar!/:8.0.25]
[33mtodos_user_service_1  |[0m 	at com.mysql.cj.exceptions.ExceptionFactory.createCommunicationsException(ExceptionFactory.java:167) ~[mysql-connector-java-8.0.25.jar!/:8.0.25]
[33mtodos_user_service_1  |[0m 	at com.mysql.cj.protocol.a.NativeSocketConnection.connect(NativeSocketConnection.java:89) ~[mysql-connector-java-8.0.25.jar!/:8.0.25]
[33mtodos_user_service_1  |[0m 	at com.mysql.cj.NativeSession.connect(NativeSession.java:144) ~[mysql-connector-java-8.0.25.jar!/:8.0.25]
[33mtodos_user_service_1  |[0m 	at com.mysql.cj.jdbc.ConnectionImpl.connectOneTryOnly(ConnectionImpl.java:953) ~[mysql-connector-java-8.0.25.jar!/:8.0.25]
[33mtodos_user_service_1  |[0m 	at com.mysql.cj.jdbc.ConnectionImpl.createNewIO(ConnectionImpl.java:823) ~[mysql-connector-java-8.0.25.jar!/:8.0.25]
[33mtodos_user_service_1  |[0m 	... 56 common frames omitted
[33mtodos_user_service_1  |[0m Caused by: java.net.UnknownHostException: mysql_db
[33mtodos_user_service_1  |[0m 	at java.net.InetAddress.getAllByName0(InetAddress.java:1281) ~[na:1.8.0_292]
[33mtodos_user_service_1  |[0m 	at java.net.InetAddress.getAllByName(InetAddress.java:1193) ~[na:1.8.0_292]
[33mtodos_user_service_1  |[0m 	at java.net.InetAddress.getAllByName(InetAddress.java:1127) ~[na:1.8.0_292]
[33mtodos_user_service_1  |[0m 	at com.mysql.cj.protocol.StandardSocketFactory.connect(StandardSocketFactory.java:132) ~[mysql-connector-java-8.0.25.jar!/:8.0.25]
[33mtodos_user_service_1  |[0m 	at com.mysql.cj.protocol.a.NativeSocketConnection.connect(NativeSocketConnection.java:63) ~[mysql-connector-java-8.0.25.jar!/:8.0.25]
[33mtodos_user_service_1  |[0m 	... 59 common frames omitted
[33mtodos_user_service_1  |[0m 
